<?xml version="1.0" encoding="UTF-8"?>
<testsuite xmlns:xsi="http://www.w3.org/2001/XMLSchema-instance" xsi:noNamespaceSchemaLocation="https://maven.apache.org/surefire/maven-surefire-plugin/xsd/surefire-test-report.xsd" name="sut.ist012m.Fomin.Lab1_Spring.Lab1SpringApplicationTests" time="8.6" tests="1" errors="0" skipped="0" failures="0">
  <properties>
    <property name="sun.desktop" value="windows"/>
    <property name="awt.toolkit" value="sun.awt.windows.WToolkit"/>
    <property name="file.encoding.pkg" value="sun.io"/>
    <property name="java.specification.version" value="1.8"/>
    <property name="sun.cpu.isalist" value="amd64"/>
    <property name="sun.jnu.encoding" value="Cp1251"/>
    <property name="java.class.path" value="C:\AnMag1\labs\Lab1_Spring\target\test-classes;C:\AnMag1\labs\Lab1_Spring\target\classes;C:\AnMag1\apache-maven-3.6.3\repository\org\springframework\boot\spring-boot-starter-oauth2-client\2.3.7.BUILD-SNAPSHOT\spring-boot-starter-oauth2-client-2.3.7.BUILD-SNAPSHOT.jar;C:\AnMag1\apache-maven-3.6.3\repository\org\springframework\boot\spring-boot-starter\2.3.7.BUILD-SNAPSHOT\spring-boot-starter-2.3.7.BUILD-SNAPSHOT.jar;C:\AnMag1\apache-maven-3.6.3\repository\org\springframework\boot\spring-boot\2.3.7.BUILD-SNAPSHOT\spring-boot-2.3.7.BUILD-SNAPSHOT.jar;C:\AnMag1\apache-maven-3.6.3\repository\org\springframework\boot\spring-boot-autoconfigure\2.3.7.BUILD-SNAPSHOT\spring-boot-autoconfigure-2.3.7.BUILD-SNAPSHOT.jar;C:\AnMag1\apache-maven-3.6.3\repository\org\springframework\boot\spring-boot-starter-logging\2.3.7.BUILD-SNAPSHOT\spring-boot-starter-logging-2.3.7.BUILD-SNAPSHOT.jar;C:\AnMag1\apache-maven-3.6.3\repository\ch\qos\logback\logback-classic\1.2.3\logback-classic-1.2.3.jar;C:\AnMag1\apache-maven-3.6.3\repository\ch\qos\logback\logback-core\1.2.3\logback-core-1.2.3.jar;C:\AnMag1\apache-maven-3.6.3\repository\org\apache\logging\log4j\log4j-to-slf4j\2.13.3\log4j-to-slf4j-2.13.3.jar;C:\AnMag1\apache-maven-3.6.3\repository\org\apache\logging\log4j\log4j-api\2.13.3\log4j-api-2.13.3.jar;C:\AnMag1\apache-maven-3.6.3\repository\org\slf4j\jul-to-slf4j\1.7.30\jul-to-slf4j-1.7.30.jar;C:\AnMag1\apache-maven-3.6.3\repository\jakarta\annotation\jakarta.annotation-api\1.3.5\jakarta.annotation-api-1.3.5.jar;C:\AnMag1\apache-maven-3.6.3\repository\org\yaml\snakeyaml\1.26\snakeyaml-1.26.jar;C:\AnMag1\apache-maven-3.6.3\repository\com\sun\mail\jakarta.mail\1.6.5\jakarta.mail-1.6.5.jar;C:\AnMag1\apache-maven-3.6.3\repository\com\sun\activation\jakarta.activation\1.2.2\jakarta.activation-1.2.2.jar;C:\AnMag1\apache-maven-3.6.3\repository\org\springframework\security\spring-security-config\5.3.5.RELEASE\spring-security-config-5.3.5.RELEASE.jar;C:\AnMag1\apache-maven-3.6.3\repository\org\springframework\spring-aop\5.2.11.RELEASE\spring-aop-5.2.11.RELEASE.jar;C:\AnMag1\apache-maven-3.6.3\repository\org\springframework\spring-beans\5.2.11.RELEASE\spring-beans-5.2.11.RELEASE.jar;C:\AnMag1\apache-maven-3.6.3\repository\org\springframework\spring-context\5.2.11.RELEASE\spring-context-5.2.11.RELEASE.jar;C:\AnMag1\apache-maven-3.6.3\repository\org\springframework\security\spring-security-core\5.3.5.RELEASE\spring-security-core-5.3.5.RELEASE.jar;C:\AnMag1\apache-maven-3.6.3\repository\org\springframework\spring-expression\5.2.11.RELEASE\spring-expression-5.2.11.RELEASE.jar;C:\AnMag1\apache-maven-3.6.3\repository\org\springframework\security\spring-security-oauth2-client\5.3.5.RELEASE\spring-security-oauth2-client-5.3.5.RELEASE.jar;C:\AnMag1\apache-maven-3.6.3\repository\com\nimbusds\oauth2-oidc-sdk\7.1.1\oauth2-oidc-sdk-7.1.1.jar;C:\AnMag1\apache-maven-3.6.3\repository\com\github\stephenc\jcip\jcip-annotations\1.0-1\jcip-annotations-1.0-1.jar;C:\AnMag1\apache-maven-3.6.3\repository\com\nimbusds\content-type\2.0\content-type-2.0.jar;C:\AnMag1\apache-maven-3.6.3\repository\com\nimbusds\lang-tag\1.4.4\lang-tag-1.4.4.jar;C:\AnMag1\apache-maven-3.6.3\repository\org\springframework\security\spring-security-oauth2-core\5.3.5.RELEASE\spring-security-oauth2-core-5.3.5.RELEASE.jar;C:\AnMag1\apache-maven-3.6.3\repository\org\springframework\spring-web\5.2.11.RELEASE\spring-web-5.2.11.RELEASE.jar;C:\AnMag1\apache-maven-3.6.3\repository\org\springframework\security\spring-security-web\5.3.5.RELEASE\spring-security-web-5.3.5.RELEASE.jar;C:\AnMag1\apache-maven-3.6.3\repository\org\springframework\security\spring-security-oauth2-jose\5.3.5.RELEASE\spring-security-oauth2-jose-5.3.5.RELEASE.jar;C:\AnMag1\apache-maven-3.6.3\repository\com\nimbusds\nimbus-jose-jwt\8.19\nimbus-jose-jwt-8.19.jar;C:\AnMag1\apache-maven-3.6.3\repository\org\springframework\boot\spring-boot-starter-test\2.3.7.BUILD-SNAPSHOT\spring-boot-starter-test-2.3.7.BUILD-SNAPSHOT.jar;C:\AnMag1\apache-maven-3.6.3\repository\org\springframework\boot\spring-boot-test\2.3.7.BUILD-SNAPSHOT\spring-boot-test-2.3.7.BUILD-SNAPSHOT.jar;C:\AnMag1\apache-maven-3.6.3\repository\org\springframework\boot\spring-boot-test-autoconfigure\2.3.7.BUILD-SNAPSHOT\spring-boot-test-autoconfigure-2.3.7.BUILD-SNAPSHOT.jar;C:\AnMag1\apache-maven-3.6.3\repository\com\jayway\jsonpath\json-path\2.4.0\json-path-2.4.0.jar;C:\AnMag1\apache-maven-3.6.3\repository\net\minidev\json-smart\2.3\json-smart-2.3.jar;C:\AnMag1\apache-maven-3.6.3\repository\net\minidev\accessors-smart\1.2\accessors-smart-1.2.jar;C:\AnMag1\apache-maven-3.6.3\repository\org\ow2\asm\asm\5.0.4\asm-5.0.4.jar;C:\AnMag1\apache-maven-3.6.3\repository\org\slf4j\slf4j-api\1.7.30\slf4j-api-1.7.30.jar;C:\AnMag1\apache-maven-3.6.3\repository\jakarta\xml\bind\jakarta.xml.bind-api\2.3.3\jakarta.xml.bind-api-2.3.3.jar;C:\AnMag1\apache-maven-3.6.3\repository\jakarta\activation\jakarta.activation-api\1.2.2\jakarta.activation-api-1.2.2.jar;C:\AnMag1\apache-maven-3.6.3\repository\org\assertj\assertj-core\3.16.1\assertj-core-3.16.1.jar;C:\AnMag1\apache-maven-3.6.3\repository\org\hamcrest\hamcrest\2.2\hamcrest-2.2.jar;C:\AnMag1\apache-maven-3.6.3\repository\org\junit\jupiter\junit-jupiter\5.6.3\junit-jupiter-5.6.3.jar;C:\AnMag1\apache-maven-3.6.3\repository\org\junit\jupiter\junit-jupiter-api\5.6.3\junit-jupiter-api-5.6.3.jar;C:\AnMag1\apache-maven-3.6.3\repository\org\apiguardian\apiguardian-api\1.1.0\apiguardian-api-1.1.0.jar;C:\AnMag1\apache-maven-3.6.3\repository\org\opentest4j\opentest4j\1.2.0\opentest4j-1.2.0.jar;C:\AnMag1\apache-maven-3.6.3\repository\org\junit\platform\junit-platform-commons\1.6.3\junit-platform-commons-1.6.3.jar;C:\AnMag1\apache-maven-3.6.3\repository\org\junit\jupiter\junit-jupiter-params\5.6.3\junit-jupiter-params-5.6.3.jar;C:\AnMag1\apache-maven-3.6.3\repository\org\junit\jupiter\junit-jupiter-engine\5.6.3\junit-jupiter-engine-5.6.3.jar;C:\AnMag1\apache-maven-3.6.3\repository\org\junit\platform\junit-platform-engine\1.6.3\junit-platform-engine-1.6.3.jar;C:\AnMag1\apache-maven-3.6.3\repository\org\mockito\mockito-core\3.3.3\mockito-core-3.3.3.jar;C:\AnMag1\apache-maven-3.6.3\repository\net\bytebuddy\byte-buddy\1.10.18\byte-buddy-1.10.18.jar;C:\AnMag1\apache-maven-3.6.3\repository\net\bytebuddy\byte-buddy-agent\1.10.18\byte-buddy-agent-1.10.18.jar;C:\AnMag1\apache-maven-3.6.3\repository\org\objenesis\objenesis\2.6\objenesis-2.6.jar;C:\AnMag1\apache-maven-3.6.3\repository\org\mockito\mockito-junit-jupiter\3.3.3\mockito-junit-jupiter-3.3.3.jar;C:\AnMag1\apache-maven-3.6.3\repository\org\skyscreamer\jsonassert\1.5.0\jsonassert-1.5.0.jar;C:\AnMag1\apache-maven-3.6.3\repository\com\vaadin\external\google\android-json\0.0.20131108.vaadin1\android-json-0.0.20131108.vaadin1.jar;C:\AnMag1\apache-maven-3.6.3\repository\org\springframework\spring-core\5.2.11.RELEASE\spring-core-5.2.11.RELEASE.jar;C:\AnMag1\apache-maven-3.6.3\repository\org\springframework\spring-jcl\5.2.11.RELEASE\spring-jcl-5.2.11.RELEASE.jar;C:\AnMag1\apache-maven-3.6.3\repository\org\springframework\spring-test\5.2.11.RELEASE\spring-test-5.2.11.RELEASE.jar;C:\AnMag1\apache-maven-3.6.3\repository\org\xmlunit\xmlunit-core\2.7.0\xmlunit-core-2.7.0.jar;"/>
    <property name="java.vm.vendor" value="Oracle Corporation"/>
    <property name="sun.arch.data.model" value="64"/>
    <property name="user.variant" value=""/>
    <property name="java.vendor.url" value="http://java.oracle.com/"/>
    <property name="user.timezone" value="Europe/Moscow"/>
    <property name="java.vm.specification.version" value="1.8"/>
    <property name="os.name" value="Windows 10"/>
    <property name="user.country" value="RU"/>
    <property name="sun.java.launcher" value="SUN_STANDARD"/>
    <property name="sun.boot.library.path" value="C:\Program Files\Java\jdk1.8.0_271\jre\bin"/>
    <property name="sun.java.command" value="C:\Users\8523~1\AppData\Local\Temp\surefire1919286022399781023\surefirebooter7366368072649317952.jar C:\Users\Александр\AppData\Local\Temp\surefire1919286022399781023 2020-11-20T17-31-46_513-jvmRun1 surefire7430927393407773328tmp surefire_06571611613004247299tmp"/>
    <property name="surefire.test.class.path" value="C:\AnMag1\labs\Lab1_Spring\target\test-classes;C:\AnMag1\labs\Lab1_Spring\target\classes;C:\AnMag1\apache-maven-3.6.3\repository\org\springframework\boot\spring-boot-starter-oauth2-client\2.3.7.BUILD-SNAPSHOT\spring-boot-starter-oauth2-client-2.3.7.BUILD-SNAPSHOT.jar;C:\AnMag1\apache-maven-3.6.3\repository\org\springframework\boot\spring-boot-starter\2.3.7.BUILD-SNAPSHOT\spring-boot-starter-2.3.7.BUILD-SNAPSHOT.jar;C:\AnMag1\apache-maven-3.6.3\repository\org\springframework\boot\spring-boot\2.3.7.BUILD-SNAPSHOT\spring-boot-2.3.7.BUILD-SNAPSHOT.jar;C:\AnMag1\apache-maven-3.6.3\repository\org\springframework\boot\spring-boot-autoconfigure\2.3.7.BUILD-SNAPSHOT\spring-boot-autoconfigure-2.3.7.BUILD-SNAPSHOT.jar;C:\AnMag1\apache-maven-3.6.3\repository\org\springframework\boot\spring-boot-starter-logging\2.3.7.BUILD-SNAPSHOT\spring-boot-starter-logging-2.3.7.BUILD-SNAPSHOT.jar;C:\AnMag1\apache-maven-3.6.3\repository\ch\qos\logback\logback-classic\1.2.3\logback-classic-1.2.3.jar;C:\AnMag1\apache-maven-3.6.3\repository\ch\qos\logback\logback-core\1.2.3\logback-core-1.2.3.jar;C:\AnMag1\apache-maven-3.6.3\repository\org\apache\logging\log4j\log4j-to-slf4j\2.13.3\log4j-to-slf4j-2.13.3.jar;C:\AnMag1\apache-maven-3.6.3\repository\org\apache\logging\log4j\log4j-api\2.13.3\log4j-api-2.13.3.jar;C:\AnMag1\apache-maven-3.6.3\repository\org\slf4j\jul-to-slf4j\1.7.30\jul-to-slf4j-1.7.30.jar;C:\AnMag1\apache-maven-3.6.3\repository\jakarta\annotation\jakarta.annotation-api\1.3.5\jakarta.annotation-api-1.3.5.jar;C:\AnMag1\apache-maven-3.6.3\repository\org\yaml\snakeyaml\1.26\snakeyaml-1.26.jar;C:\AnMag1\apache-maven-3.6.3\repository\com\sun\mail\jakarta.mail\1.6.5\jakarta.mail-1.6.5.jar;C:\AnMag1\apache-maven-3.6.3\repository\com\sun\activation\jakarta.activation\1.2.2\jakarta.activation-1.2.2.jar;C:\AnMag1\apache-maven-3.6.3\repository\org\springframework\security\spring-security-config\5.3.5.RELEASE\spring-security-config-5.3.5.RELEASE.jar;C:\AnMag1\apache-maven-3.6.3\repository\org\springframework\spring-aop\5.2.11.RELEASE\spring-aop-5.2.11.RELEASE.jar;C:\AnMag1\apache-maven-3.6.3\repository\org\springframework\spring-beans\5.2.11.RELEASE\spring-beans-5.2.11.RELEASE.jar;C:\AnMag1\apache-maven-3.6.3\repository\org\springframework\spring-context\5.2.11.RELEASE\spring-context-5.2.11.RELEASE.jar;C:\AnMag1\apache-maven-3.6.3\repository\org\springframework\security\spring-security-core\5.3.5.RELEASE\spring-security-core-5.3.5.RELEASE.jar;C:\AnMag1\apache-maven-3.6.3\repository\org\springframework\spring-expression\5.2.11.RELEASE\spring-expression-5.2.11.RELEASE.jar;C:\AnMag1\apache-maven-3.6.3\repository\org\springframework\security\spring-security-oauth2-client\5.3.5.RELEASE\spring-security-oauth2-client-5.3.5.RELEASE.jar;C:\AnMag1\apache-maven-3.6.3\repository\com\nimbusds\oauth2-oidc-sdk\7.1.1\oauth2-oidc-sdk-7.1.1.jar;C:\AnMag1\apache-maven-3.6.3\repository\com\github\stephenc\jcip\jcip-annotations\1.0-1\jcip-annotations-1.0-1.jar;C:\AnMag1\apache-maven-3.6.3\repository\com\nimbusds\content-type\2.0\content-type-2.0.jar;C:\AnMag1\apache-maven-3.6.3\repository\com\nimbusds\lang-tag\1.4.4\lang-tag-1.4.4.jar;C:\AnMag1\apache-maven-3.6.3\repository\org\springframework\security\spring-security-oauth2-core\5.3.5.RELEASE\spring-security-oauth2-core-5.3.5.RELEASE.jar;C:\AnMag1\apache-maven-3.6.3\repository\org\springframework\spring-web\5.2.11.RELEASE\spring-web-5.2.11.RELEASE.jar;C:\AnMag1\apache-maven-3.6.3\repository\org\springframework\security\spring-security-web\5.3.5.RELEASE\spring-security-web-5.3.5.RELEASE.jar;C:\AnMag1\apache-maven-3.6.3\repository\org\springframework\security\spring-security-oauth2-jose\5.3.5.RELEASE\spring-security-oauth2-jose-5.3.5.RELEASE.jar;C:\AnMag1\apache-maven-3.6.3\repository\com\nimbusds\nimbus-jose-jwt\8.19\nimbus-jose-jwt-8.19.jar;C:\AnMag1\apache-maven-3.6.3\repository\org\springframework\boot\spring-boot-starter-test\2.3.7.BUILD-SNAPSHOT\spring-boot-starter-test-2.3.7.BUILD-SNAPSHOT.jar;C:\AnMag1\apache-maven-3.6.3\repository\org\springframework\boot\spring-boot-test\2.3.7.BUILD-SNAPSHOT\spring-boot-test-2.3.7.BUILD-SNAPSHOT.jar;C:\AnMag1\apache-maven-3.6.3\repository\org\springframework\boot\spring-boot-test-autoconfigure\2.3.7.BUILD-SNAPSHOT\spring-boot-test-autoconfigure-2.3.7.BUILD-SNAPSHOT.jar;C:\AnMag1\apache-maven-3.6.3\repository\com\jayway\jsonpath\json-path\2.4.0\json-path-2.4.0.jar;C:\AnMag1\apache-maven-3.6.3\repository\net\minidev\json-smart\2.3\json-smart-2.3.jar;C:\AnMag1\apache-maven-3.6.3\repository\net\minidev\accessors-smart\1.2\accessors-smart-1.2.jar;C:\AnMag1\apache-maven-3.6.3\repository\org\ow2\asm\asm\5.0.4\asm-5.0.4.jar;C:\AnMag1\apache-maven-3.6.3\repository\org\slf4j\slf4j-api\1.7.30\slf4j-api-1.7.30.jar;C:\AnMag1\apache-maven-3.6.3\repository\jakarta\xml\bind\jakarta.xml.bind-api\2.3.3\jakarta.xml.bind-api-2.3.3.jar;C:\AnMag1\apache-maven-3.6.3\repository\jakarta\activation\jakarta.activation-api\1.2.2\jakarta.activation-api-1.2.2.jar;C:\AnMag1\apache-maven-3.6.3\repository\org\assertj\assertj-core\3.16.1\assertj-core-3.16.1.jar;C:\AnMag1\apache-maven-3.6.3\repository\org\hamcrest\hamcrest\2.2\hamcrest-2.2.jar;C:\AnMag1\apache-maven-3.6.3\repository\org\junit\jupiter\junit-jupiter\5.6.3\junit-jupiter-5.6.3.jar;C:\AnMag1\apache-maven-3.6.3\repository\org\junit\jupiter\junit-jupiter-api\5.6.3\junit-jupiter-api-5.6.3.jar;C:\AnMag1\apache-maven-3.6.3\repository\org\apiguardian\apiguardian-api\1.1.0\apiguardian-api-1.1.0.jar;C:\AnMag1\apache-maven-3.6.3\repository\org\opentest4j\opentest4j\1.2.0\opentest4j-1.2.0.jar;C:\AnMag1\apache-maven-3.6.3\repository\org\junit\platform\junit-platform-commons\1.6.3\junit-platform-commons-1.6.3.jar;C:\AnMag1\apache-maven-3.6.3\repository\org\junit\jupiter\junit-jupiter-params\5.6.3\junit-jupiter-params-5.6.3.jar;C:\AnMag1\apache-maven-3.6.3\repository\org\junit\jupiter\junit-jupiter-engine\5.6.3\junit-jupiter-engine-5.6.3.jar;C:\AnMag1\apache-maven-3.6.3\repository\org\junit\platform\junit-platform-engine\1.6.3\junit-platform-engine-1.6.3.jar;C:\AnMag1\apache-maven-3.6.3\repository\org\mockito\mockito-core\3.3.3\mockito-core-3.3.3.jar;C:\AnMag1\apache-maven-3.6.3\repository\net\bytebuddy\byte-buddy\1.10.18\byte-buddy-1.10.18.jar;C:\AnMag1\apache-maven-3.6.3\repository\net\bytebuddy\byte-buddy-agent\1.10.18\byte-buddy-agent-1.10.18.jar;C:\AnMag1\apache-maven-3.6.3\repository\org\objenesis\objenesis\2.6\objenesis-2.6.jar;C:\AnMag1\apache-maven-3.6.3\repository\org\mockito\mockito-junit-jupiter\3.3.3\mockito-junit-jupiter-3.3.3.jar;C:\AnMag1\apache-maven-3.6.3\repository\org\skyscreamer\jsonassert\1.5.0\jsonassert-1.5.0.jar;C:\AnMag1\apache-maven-3.6.3\repository\com\vaadin\external\google\android-json\0.0.20131108.vaadin1\android-json-0.0.20131108.vaadin1.jar;C:\AnMag1\apache-maven-3.6.3\repository\org\springframework\spring-core\5.2.11.RELEASE\spring-core-5.2.11.RELEASE.jar;C:\AnMag1\apache-maven-3.6.3\repository\org\springframework\spring-jcl\5.2.11.RELEASE\spring-jcl-5.2.11.RELEASE.jar;C:\AnMag1\apache-maven-3.6.3\repository\org\springframework\spring-test\5.2.11.RELEASE\spring-test-5.2.11.RELEASE.jar;C:\AnMag1\apache-maven-3.6.3\repository\org\xmlunit\xmlunit-core\2.7.0\xmlunit-core-2.7.0.jar;"/>
    <property name="sun.cpu.endian" value="little"/>
    <property name="user.home" value="C:\Users\Александр"/>
    <property name="user.language" value="ru"/>
    <property name="java.specification.vendor" value="Oracle Corporation"/>
    <property name="java.home" value="C:\Program Files\Java\jdk1.8.0_271\jre"/>
    <property name="basedir" value="C:\AnMag1\labs\Lab1_Spring"/>
    <property name="file.separator" value="\"/>
    <property name="line.separator" value="&#10;"/>
    <property name="java.vm.specification.vendor" value="Oracle Corporation"/>
    <property name="java.specification.name" value="Java Platform API Specification"/>
    <property name="java.awt.graphicsenv" value="sun.awt.Win32GraphicsEnvironment"/>
    <property name="surefire.real.class.path" value="C:\Users\8523~1\AppData\Local\Temp\surefire1919286022399781023\surefirebooter7366368072649317952.jar"/>
    <property name="sun.boot.class.path" value="C:\Program Files\Java\jdk1.8.0_271\jre\lib\resources.jar;C:\Program Files\Java\jdk1.8.0_271\jre\lib\rt.jar;C:\Program Files\Java\jdk1.8.0_271\jre\lib\sunrsasign.jar;C:\Program Files\Java\jdk1.8.0_271\jre\lib\jsse.jar;C:\Program Files\Java\jdk1.8.0_271\jre\lib\jce.jar;C:\Program Files\Java\jdk1.8.0_271\jre\lib\charsets.jar;C:\Program Files\Java\jdk1.8.0_271\jre\lib\jfr.jar;C:\Program Files\Java\jdk1.8.0_271\jre\classes"/>
    <property name="user.script" value=""/>
    <property name="sun.management.compiler" value="HotSpot 64-Bit Tiered Compilers"/>
    <property name="java.runtime.version" value="1.8.0_271-b09"/>
    <property name="user.name" value="Александр"/>
    <property name="path.separator" value=";"/>
    <property name="os.version" value="10.0"/>
    <property name="java.endorsed.dirs" value="C:\Program Files\Java\jdk1.8.0_271\jre\lib\endorsed"/>
    <property name="java.runtime.name" value="Java(TM) SE Runtime Environment"/>
    <property name="file.encoding" value="Cp1251"/>
    <property name="java.vm.name" value="Java HotSpot(TM) 64-Bit Server VM"/>
    <property name="localRepository" value="C:\AnMag1\apache-maven-3.6.3\repository"/>
    <property name="java.vendor.url.bug" value="http://bugreport.sun.com/bugreport/"/>
    <property name="java.io.tmpdir" value="C:\Users\8523~1\AppData\Local\Temp\"/>
    <property name="java.version" value="1.8.0_271"/>
    <property name="user.dir" value="C:\AnMag1\labs\Lab1_Spring"/>
    <property name="os.arch" value="amd64"/>
    <property name="java.vm.specification.name" value="Java Virtual Machine Specification"/>
    <property name="java.awt.printerjob" value="sun.awt.windows.WPrinterJob"/>
    <property name="sun.os.patch.level" value=""/>
    <property name="java.library.path" value="C:\Program Files\Java\jdk1.8.0_271\jre\bin;C:\WINDOWS\Sun\Java\bin;C:\WINDOWS\system32;C:\WINDOWS;C:\Program Files\Common Files\Oracle\Java\javapath;C:\Program Files (x86)\Common Files\Oracle\Java\javapath;C:\ProgramData\Oracle\Java\javapath;C:\Program Files (x86)\NVIDIA Corporation\PhysX\Common;C:\WINDOWS\system32;C:\WINDOWS;C:\WINDOWS\System32\Wbem;C:\WINDOWS\System32\WindowsPowerShell\v1.0\;C:\Program Files\Java\jdk1.8.0_271\bin;C:\Program Files (x86)\Skype\Phone\;C:\Program Files\Common Files\Autodesk Shared\;C:\Program Files (x86)\GtkSharp\2.12\bin;C:\WINDOWS\System32\OpenSSH\;C:\Users\Александр\AppData\Roaming\Microsoft\Windows\Start Menu\Programs\Python 3.7;C:\Program Files\nodejs\;C:\AnMag1\apache-maven-3.6.3\bin;C:\Program Files\Git\cmd;C:\Users\Александр\AppData\Local\Programs\Python\Python37-32\Scripts\;C:\Users\Александр\AppData\Local\Programs\Python\Python37-32\;C:\Users\Александр\AppData\Local\Microsoft\WindowsApps;C:\Users\Александр\AppData\Local\Microsoft\WindowsApps;C:\Program Files\JetBrains\PyCharm 2019.2.5\bin;;C:\Program Files\JetBrains\PyCharm Community Edition 2020.1\bin;;C:\Users\Александр\AppData\Roaming\npm;C:\Program Files\JetBrains\IntelliJ IDEA 2020.2.2\bin;;C:\Program Files\Java\jdk1.8.0_271\bin;C:\AnMag1\apache-maven-3.6.3\bin;;."/>
    <property name="java.vm.info" value="mixed mode"/>
    <property name="java.vendor" value="Oracle Corporation"/>
    <property name="java.vm.version" value="25.271-b09"/>
    <property name="java.ext.dirs" value="C:\Program Files\Java\jdk1.8.0_271\jre\lib\ext;C:\WINDOWS\Sun\Java\lib\ext"/>
    <property name="sun.io.unicode.encoding" value="UnicodeLittle"/>
    <property name="java.class.version" value="52.0"/>
  </properties>
  <testcase name="contextLoads" classname="sut.ist012m.Fomin.Lab1_Spring.Lab1SpringApplicationTests" time="0.823"/>
</testsuite>